Starting date 37775.039 > simulation start date [TMSTRT=37769.039] in mmet3.npt                                                               
Starting date 37775.000 > simulation start date [TMSTRT=37769.039] in mqin_br1.npt                                                            
Ending time 37970.000 < ending simulation time [TMEND=37971.969] in mqin_br1.npt                                                            
Starting date 37775.000] > simulation start date [TMSTRT=37769.039] in mtin_br1.npt                                                            
Ending time 37970.000 < ending simulation time [TMEND=37971.969] in mtin_br1.npt                                                            
Starting date 37775.000] > simulation start date [TMSTRT=37769.039] in mqdt_br1.npt                                                            
Ending time 0.000 < ending simulation time [TMEND=37971.969] in mqdt_br1.npt                                                            
Starting date 37775.000 > simulation start date [TMSTRT=37769.039] in mqin_br2.npt                                                            
Ending time 37970.000 < ending simulation time [TMEND=37971.969] in mqin_br2.npt                                                            
Starting date 37775.000] > simulation start date [TMSTRT=37769.039] in mtin_br2.npt                                                            
Ending time 37970.000 < ending simulation time [TMEND=37971.969] in mtin_br2.npt                                                            
Starting date 37775.000 > simulation start date [TMSTRT=37769.039] in mqin_br3.npt                                                            
Ending time 37970.000 < ending simulation time [TMEND=37971.969] in mqin_br3.npt                                                            
Starting date 37775.000] > simulation start date [TMSTRT=37769.039] in mtin_br3.npt                                                            
Ending time 37970.000 < ending simulation time [TMEND=37971.969] in mtin_br3.npt                                                            
Starting date 37775.000 > simulation start date [TMSTRT=37769.039] in mqin_br4.npt                                                            
Ending time 37970.000 < ending simulation time [TMEND=37971.969] in mqin_br4.npt                                                            
Starting date 37775.000] > simulation start date [TMSTRT=37769.039] in mtin_br4.npt                                                            
Ending time 37970.000 < ending simulation time [TMEND=37971.969] in mtin_br4.npt                                                            
Starting date37775.000] > simulation start date [TMSTRT=37769.039] in mqot_br1.npt                                                            
Ending time 37970.000 < ending simulation time [TMEND=37971.969] in mqot_br1.npt                                                            
